TN:
SF:src/polyfills.ts
FNF:0
FNH:0
LF:0
LH:0
BRF:0
BRH:0
end_of_record
TN:
SF:src/test.ts
FNF:0
FNH:0
DA:18,1
DA:23,1
DA:25,1
LF:3
LH:3
BRF:0
BRH:0
end_of_record
TN:
SF:src/app/app.component.ts
FNF:0
FNH:0
DA:8,1
DA:9,2
LF:2
LH:2
BRF:0
BRH:0
end_of_record
TN:
SF:src/app/components/controls/button/button.component.ts
FN:19,(anonymous_1)
FNF:1
FNH:1
FNDA:1,(anonymous_1)
DA:11,1
DA:12,2
DA:13,2
DA:14,2
DA:17,2
DA:20,1
LF:6
LH:6
BRF:0
BRH:0
end_of_record
TN:
SF:src/app/components/payment-table/payment-table.component.ts
FN:34,(anonymous_1)
FN:39,(anonymous_2)
FN:45,(anonymous_3)
FN:60,(anonymous_4)
FN:62,(anonymous_5)
FN:68,(anonymous_6)
FN:77,(anonymous_7)
FN:79,(anonymous_8)
FN:87,(anonymous_9)
FN:117,(anonymous_10)
FN:123,(anonymous_11)
FN:134,(anonymous_12)
FN:149,(anonymous_13)
FNF:13
FNH:13
FNDA:10,(anonymous_1)
FNDA:2,(anonymous_2)
FNDA:2,(anonymous_3)
FNDA:1,(anonymous_4)
FNDA:1,(anonymous_5)
FNDA:1,(anonymous_6)
FNDA:1,(anonymous_7)
FNDA:2,(anonymous_8)
FNDA:10,(anonymous_9)
FNDA:300,(anonymous_10)
FNDA:10,(anonymous_11)
FNDA:32,(anonymous_12)
FNDA:1,(anonymous_13)
DA:14,1
DA:16,10
DA:18,10
DA:19,10
DA:35,10
DA:36,10
DA:40,2
DA:41,1
DA:51,2
DA:53,2
DA:57,2
DA:61,1
DA:62,1
DA:63,1
DA:65,1
DA:69,1
DA:74,1
DA:78,1
DA:79,2
DA:82,1
DA:84,1
DA:88,10
DA:89,10
DA:90,10
DA:91,10
DA:92,10
DA:94,10
DA:95,120
DA:101,120
DA:107,120
DA:109,120
DA:110,10
DA:111,10
DA:112,10
DA:116,10
DA:117,300
DA:120,10
DA:124,10
DA:135,32
DA:136,32
DA:138,32
DA:139,31
DA:145,1
DA:150,1
DA:154,1
LF:45
LH:45
BRDA:40,0,0,1
BRDA:40,0,1,1
BRDA:54,1,0,1
BRDA:54,1,1,1
BRDA:109,2,0,10
BRDA:109,2,1,110
BRDA:138,3,0,31
BRDA:138,3,1,1
BRF:8
BRH:8
end_of_record
TN:
SF:src/app/constants/constants.ts
FNF:0
FNH:0
DA:1,1
LF:1
LH:1
BRF:0
BRH:0
end_of_record
TN:
SF:src/app/constants/enums.ts
FN:3,(anonymous_0)
FNF:1
FNH:1
FNDA:1,(anonymous_0)
DA:3,1
DA:4,1
DA:5,1
DA:6,1
DA:7,1
LF:5
LH:5
BRDA:3,0,0,1
BRDA:3,0,1,1
BRF:2
BRH:2
end_of_record
